<?xml version="1.0" encoding="UTF-8"?>
<testsuite xmlns:xsi="http://www.w3.org/2001/XMLSchema-instance" xsi:noNamespaceSchemaLocation="https://maven.apache.org/surefire/maven-surefire-plugin/xsd/surefire-test-report-3.0.xsd" version="3.0" name="app.MainTest" time="0.385" tests="6" errors="0" skipped="0" failures="0">
  <properties>
[...]
</properties>
  <testcase name="balanceShouldBeGreaterAfterSell" classname="app.MainTest" time="0.124"/>
  <testcase name="boughtItemShouldBeAddedToTheBarn" classname="app.MainTest" time="0.001"/>
  <testcase name="landShouldBeAddedAfterBoughtIt" classname="app.MainTest" time="0.002"/>
  <testcase name="theProductsShouldBeStacked" classname="app.MainTest" time="0.01">
    <system-out><![CDATA[189  3
]]></system-out>
  </testcase>
  <testcase name="addedAnimalToTheChunk" classname="app.MainTest" time="0.085">
    <system-out><![CDATA[Eggs2
Eggs2
Eggs4
Eggs4
Eggs6
Eggs6
Eggs8
Eggs8
Eggs10
Eggs10
Eggs12
Eggs12
Eggs14
Eggs14
Eggs16
Eggs16
Eggs18
Eggs18
Eggs20
Eggs20
Eggs22
Eggs22
Eggs24
Eggs24
Eggs26
Eggs26
Eggs28
Eggs28
Eggs30
Eggs30
Eggs33
Eggs33
Eggs36
Eggs36
Eggs39
Eggs39
Eggs42
Eggs42
Eggs45
Eggs45
Eggs48
Eggs48
Eggs51
Eggs51
Eggs54
Eggs54
Eggs57
Eggs57
Eggs60
Eggs60
Eggs63
Eggs63
Eggs66
Eggs66
Eggs69
Eggs69
Eggs72
Eggs72
Eggs75
Eggs75
Eggs78
Eggs78
Eggs81
Eggs81
Eggs84
Eggs84
Eggs3
Eggs3
Eggs6
Eggs6
Eggs9
Eggs9
Eggs9
Eggs9
Eggs9
Eggs9
]]></system-out>
  </testcase>
  <testcase name="plantedToHarvestCarrot" classname="app.MainTest" time="0.016"/>
</testsuite>